Build started 5/3/2016 3:01:22 PM.
     1>Project "F:\kolia\second year\semester1\data structures\course management systemc++\course management systemc++\course management systemc++.vcxproj" on node 2 (Build target(s)).
     1>ClCompile:
         C:\Program Files (x86)\Microsoft Visual Studio 11.0\VC\bin\CL.exe /c /ZI /nologo /W3 /WX- /Od /Oy- /D WIN32 /D _DEBUG /D _CONSOLE /D _UNICODE /D UNICODE /Gm /EHsc /RTC1 /MDd /GS /fp:precise /Zc:wchar_t /Zc:forScope /Fo"Debug\\" /Fd"Debug\vc110.pdb" /Gd /TP /analyze- /errorReport:prompt cpp.cpp main.cpp
         main.cpp
     1>f:\kolia\second year\semester1\data structures\course management systemc++\course management systemc++\main.cpp(35): warning C4996: 'strtok': This function or variable may be unsafe. Consider using strtok_s instead. To disable deprecation, use _CRT_SECURE_NO_WARNINGS. See online help for details.
                 c:\program files (x86)\microsoft visual studio 11.0\vc\include\string.h(200) : see declaration of 'strtok'
     1>f:\kolia\second year\semester1\data structures\course management systemc++\course management systemc++\main.cpp(37): warning C4996: 'strtok': This function or variable may be unsafe. Consider using strtok_s instead. To disable deprecation, use _CRT_SECURE_NO_WARNINGS. See online help for details.
                 c:\program files (x86)\microsoft visual studio 11.0\vc\include\string.h(200) : see declaration of 'strtok'
     1>f:\kolia\second year\semester1\data structures\course management systemc++\course management systemc++\main.cpp(39): warning C4996: 'strtok': This function or variable may be unsafe. Consider using strtok_s instead. To disable deprecation, use _CRT_SECURE_NO_WARNINGS. See online help for details.
                 c:\program files (x86)\microsoft visual studio 11.0\vc\include\string.h(200) : see declaration of 'strtok'
     1>f:\kolia\second year\semester1\data structures\course management systemc++\course management systemc++\main.cpp(41): warning C4996: 'strtok': This function or variable may be unsafe. Consider using strtok_s instead. To disable deprecation, use _CRT_SECURE_NO_WARNINGS. See online help for details.
                 c:\program files (x86)\microsoft visual studio 11.0\vc\include\string.h(200) : see declaration of 'strtok'
     1>f:\kolia\second year\semester1\data structures\course management systemc++\course management systemc++\main.cpp(68): warning C4996: 'strtok': This function or variable may be unsafe. Consider using strtok_s instead. To disable deprecation, use _CRT_SECURE_NO_WARNINGS. See online help for details.
                 c:\program files (x86)\microsoft visual studio 11.0\vc\include\string.h(200) : see declaration of 'strtok'
     1>f:\kolia\second year\semester1\data structures\course management systemc++\course management systemc++\main.cpp(71): warning C4996: 'strtok': This function or variable may be unsafe. Consider using strtok_s instead. To disable deprecation, use _CRT_SECURE_NO_WARNINGS. See online help for details.
                 c:\program files (x86)\microsoft visual studio 11.0\vc\include\string.h(200) : see declaration of 'strtok'
     1>f:\kolia\second year\semester1\data structures\course management systemc++\course management systemc++\main.cpp(75): warning C4996: 'strtok': This function or variable may be unsafe. Consider using strtok_s instead. To disable deprecation, use _CRT_SECURE_NO_WARNINGS. See online help for details.
                 c:\program files (x86)\microsoft visual studio 11.0\vc\include\string.h(200) : see declaration of 'strtok'
     1>f:\kolia\second year\semester1\data structures\course management systemc++\course management systemc++\main.cpp(81): warning C4996: 'strtok': This function or variable may be unsafe. Consider using strtok_s instead. To disable deprecation, use _CRT_SECURE_NO_WARNINGS. See online help for details.
                 c:\program files (x86)\microsoft visual studio 11.0\vc\include\string.h(200) : see declaration of 'strtok'
     1>f:\kolia\second year\semester1\data structures\course management systemc++\course management systemc++\main.cpp(114): warning C4018: '<' : signed/unsigned mismatch
     1>f:\kolia\second year\semester1\data structures\course management systemc++\course management systemc++\main.cpp(161): warning C4018: '<' : signed/unsigned mismatch
     1>f:\kolia\second year\semester1\data structures\course management systemc++\course management systemc++\main.cpp(220): warning C4018: '<' : signed/unsigned mismatch
     1>f:\kolia\second year\semester1\data structures\course management systemc++\course management systemc++\main.cpp(275): warning C4018: '<' : signed/unsigned mismatch
     1>f:\kolia\second year\semester1\data structures\course management systemc++\course management systemc++\main.cpp(298): warning C4018: '<' : signed/unsigned mismatch
     1>f:\kolia\second year\semester1\data structures\course management systemc++\course management systemc++\main.cpp(330): warning C4018: '<' : signed/unsigned mismatch
     1>f:\kolia\second year\semester1\data structures\course management systemc++\course management systemc++\main.cpp(348): warning C4018: '<' : signed/unsigned mismatch
     1>f:\kolia\second year\semester1\data structures\course management systemc++\course management systemc++\main.cpp(378): warning C4018: '<' : signed/unsigned mismatch
         cpp.cpp
         Generating Code...
       Link:
         C:\Program Files (x86)\Microsoft Visual Studio 11.0\VC\bin\link.exe /ERRORREPORT:PROMPT /OUT:"F:\kolia\second year\semester1\data structures\course management systemc++\Debug\course management systemc++.exe" /INCREMENTAL /NOLOGO kernel32.lib user32.lib gdi32.lib winspool.lib comdlg32.lib advapi32.lib shell32.lib ole32.lib oleaut32.lib uuid.lib odbc32.lib odbccp32.lib /MANIFEST /MANIFESTUAC:"level='asInvoker' uiAccess='false'" /manifest:embed /DEBUG /PDB:"F:\kolia\second year\semester1\data structures\course management systemc++\Debug\course management systemc++.pdb" /SUBSYSTEM:CONSOLE /TLBID:1 /DYNAMICBASE /NXCOMPAT /IMPLIB:"F:\kolia\second year\semester1\data structures\course management systemc++\Debug\course management systemc++.lib" /MACHINE:X86 Debug\cpp.obj
         Debug\main.obj
         course management systemc++.vcxproj -> F:\kolia\second year\semester1\data structures\course management systemc++\Debug\course management systemc++.exe
     1>Done Building Project "F:\kolia\second year\semester1\data structures\course management systemc++\course management systemc++\course management systemc++.vcxproj" (Build target(s)).

Build succeeded.

Time Elapsed 00:00:05.09
